<?xml version="1.0" encoding="UTF-8"?>
<!-- Generated by org.testng.reporters.JUnitReportReporter -->
<testsuite hostname="DESKTOP-PQQFENR" failures="0" tests="1" name="tests.TC001.LoginIntoApplication" time="19.594" errors="0" timestamp="2024-09-15T11:04:08 IST" skipped="0">
  <testcase classname="tests.TC001.LoginIntoApplication" name="TestOrangeHrm_LoginIntoApplication" time="19.594"/>
  <system-out/>
</testsuite> <!-- tests.TC001.LoginIntoApplication -->
